\BOOKMARK [0][]{chapter.1}{Cap\355tulo 1\204Introdu\347\343o}{}
\BOOKMARK [1][]{section.1.1}{Motiva\347\343o e Caracteriza\347\343o do Problema}{chapter.1}
\BOOKMARK [1][]{section.1.2}{Objetivo e Contribui\347\343o}{chapter.1}
\BOOKMARK [1][]{section.1.3}{Organiza\347\343o do Texto}{chapter.1}
\BOOKMARK [0][]{chapter.2}{Cap\355tulo 2\204Fundamenta\347\343o Te\363rica}{}
\BOOKMARK [1][]{section.2.1}{Desenvolvimento \301gil de Software}{chapter.2}
\BOOKMARK [1][]{section.2.2}{Desenvolvimento Cl\341ssico de Software}{chapter.2}
\BOOKMARK [1][]{section.2.3}{Tecnologia Assistiva Digital}{chapter.2}
\BOOKMARK [2][]{subsection.2.3.1}{Defici\352ncias humana e dificuldades no mundo virtual}{section.2.3}
\BOOKMARK [1][]{section.2.4}{Acessibilidade Digital}{chapter.2}
\BOOKMARK [2][]{subsection.2.4.1}{Acessibilidade, Usabilidade e Comunicabilidade}{section.2.4}
\BOOKMARK [1][]{section.2.5}{Testes de Software}{chapter.2}
\BOOKMARK [2][]{subsection.2.5.1}{Testes de Usabilidade}{section.2.5}
\BOOKMARK [2][]{subsection.2.5.2}{Testes de Acessibilidade}{section.2.5}
\BOOKMARK [0][]{chapter.3}{Cap\355tulo 3\204Metodologia}{}
\BOOKMARK [1][]{section.3.1}{Caracteriza\347\343o do Estudo}{chapter.3}
\BOOKMARK [1][]{section.3.2}{Ambiente Web}{chapter.3}
\BOOKMARK [1][]{section.3.3}{Deficiente Visual}{chapter.3}
\BOOKMARK [1][]{section.3.4}{Desenvolvimento \301gil com Acessibilidade Digital}{chapter.3}
\BOOKMARK [0][]{chapter.4}{Cap\355tulo 4\204Resultados}{}
\BOOKMARK [1][]{section.4.1}{An\341lise dos Resultados}{chapter.4}
\BOOKMARK [0][]{chapter.5}{Cap\355tulo 5\204Conclus\343o}{}
\BOOKMARK [1][]{section.5.1}{Considera\347\365es Finais}{chapter.5}
